<?xml version="1.0" encoding="UTF-8"?>
<!-- Generated by org.testng.reporters.JUnitReportReporter -->
<testsuite hostname="DESKTOP-U92U93D" failures="0" tests="2" name="testng1.ParallelTesting" time="13.148" errors="0" timestamp="29 Feb 2024 06:55:40 GMT" skipped="0">
  <testcase classname="testng1.ParallelTesting" name="invokeEdge" time="8.358"/>
  <testcase classname="testng1.ParallelTesting" name="invokechrome" time="4.790"/>
</testsuite> <!-- testng1.ParallelTesting -->
