<?xml version="1.0" encoding="UTF-8"?>
<!-- Generated by org.testng.reporters.JUnitReportReporter -->
<testsuite hostname="DESKTOP-U92U93D" failures="0" tests="4" name="testng1.Grouping" time="0.013" errors="0" timestamp="29 Feb 2024 06:55:40 GMT" skipped="0">
  <testcase classname="testng1.Grouping" name="Payment" time="0.001"/>
  <testcase classname="testng1.Grouping" name="AddToCart" time="0.003"/>
  <testcase classname="testng1.Grouping" name="Products" time="0.007"/>
  <testcase classname="testng1.Grouping" name="login" time="0.002"/>
</testsuite> <!-- testng1.Grouping -->
