<?xml version="1.0" encoding="UTF-8"?>
<!-- Generated by org.testng.reporters.JUnitReportReporter -->
<testsuite hostname="DESKTOP-U92U93D" failures="0" tests="1" name="testng1.InvokeEdge" time="14.897" errors="0" timestamp="29 Feb 2024 06:55:40 GMT" skipped="0">
  <testcase classname="testng1.InvokeEdge" name="inovkefirefox" time="14.897"/>
</testsuite> <!-- testng1.InvokeEdge -->
