<?xml version="1.0" encoding="UTF-8"?>
<!-- Generated by org.testng.reporters.JUnitReportReporter -->
<testsuite hostname="DESKTOP-U92U93D" failures="0" tests="3" name="testng1.EnableFalse" time="0.019" errors="0" timestamp="27 Feb 2024 04:11:17 GMT" skipped="1">
  <testcase classname="testng1.EnableFalse" name="testCase2" time="0.017"/>
  <testcase classname="testng1.EnableFalse" name="testCase3" time="0.002"/>
  <testcase classname="testng1.EnableFalse" name="testCase1">
    <skipped/>
  </testcase> <!-- testCase1 -->
</testsuite> <!-- testng1.EnableFalse -->
