<?xml version="1.0" encoding="UTF-8"?>
<!-- Generated by org.testng.reporters.JUnitReportReporter -->
<testsuite hostname="DESKTOP-U92U93D" failures="0" tests="3" name="testng1.PriorityTesting" time="0.008" errors="0" timestamp="29 Feb 2024 06:55:40 GMT" skipped="0">
  <testcase classname="testng1.PriorityTesting" name="testCase1" time="0.006"/>
  <testcase classname="testng1.PriorityTesting" name="testCase2" time="0.001"/>
  <testcase classname="testng1.PriorityTesting" name="testCase3" time="0.001"/>
</testsuite> <!-- testng1.PriorityTesting -->
