<?xml version="1.0" encoding="UTF-8"?>
<!-- Generated by org.testng.reporters.JUnitReportReporter -->
<testsuite hostname="DESKTOP-U92U93D" failures="0" tests="3" name="testng1.EnableFalse" time="0.014" errors="0" timestamp="29 Feb 2024 06:55:40 GMT" skipped="1">
  <testcase classname="testng1.EnableFalse" name="testCase3" time="0.001"/>
  <testcase classname="testng1.EnableFalse" name="testCase2" time="0.013"/>
  <testcase classname="testng1.EnableFalse" name="testCase1">
    <skipped/>
  </testcase> <!-- testCase1 -->
</testsuite> <!-- testng1.EnableFalse -->
