<?xml version="1.0" encoding="UTF-8"?>
<!-- Generated by org.testng.reporters.JUnitReportReporter -->
<testsuite hostname="DESKTOP-U92U93D" failures="0" tests="4" name="testng1.AnnotationsEg" time="0.008" errors="0" timestamp="29 Feb 2024 06:55:40 GMT" skipped="0">
  <testcase classname="testng1.AnnotationsEg" name="testcase4" time="0.002"/>
  <testcase classname="testng1.AnnotationsEg" name="testcase1" time="0.003"/>
  <testcase classname="testng1.AnnotationsEg" name="testcase3" time="0.002"/>
  <testcase classname="testng1.AnnotationsEg" name="testcase2" time="0.001"/>
</testsuite> <!-- testng1.AnnotationsEg -->
