<?xml version="1.0" encoding="UTF-8"?>
<!-- Generated by org.testng.reporters.JUnitReportReporter -->
<testsuite hostname="DESKTOP-U92U93D" failures="0" tests="2" name="testng1.ParallelTesting" time="8.818" errors="0" timestamp="27 Feb 2024 04:47:44 GMT" skipped="0">
  <testcase classname="testng1.ParallelTesting" name="invokechrome" time="4.268"/>
  <testcase classname="testng1.ParallelTesting" name="invokeEdge" time="4.550"/>
</testsuite> <!-- testng1.ParallelTesting -->
