<?xml version="1.0" encoding="UTF-8"?>
<!-- Generated by org.testng.reporters.JUnitReportReporter -->
<testsuite hostname="DESKTOP-U92U93D" failures="0" tests="1" name="testng1.InvokeChrome" time="13.725" errors="0" timestamp="29 Feb 2024 06:55:40 GMT" skipped="0">
  <testcase classname="testng1.InvokeChrome" name="invokechrome" time="13.725"/>
</testsuite> <!-- testng1.InvokeChrome -->
