<?xml version="1.0" encoding="UTF-8"?>
<!-- Generated by org.testng.reporters.JUnitReportReporter -->
<testsuite hostname="DESKTOP-U92U93D" failures="0" tests="1" name="testng1.SoftAssert" time="12.584" errors="0" timestamp="29 Feb 2024 06:55:40 GMT" skipped="0">
  <testcase classname="testng1.SoftAssert" name="testSoftAssert" time="12.584"/>
</testsuite> <!-- testng1.SoftAssert -->
