<?xml version="1.0" encoding="UTF-8"?>
<!-- Generated by org.testng.reporters.JUnitReportReporter -->
<testsuite hostname="DESKTOP-U92U93D" failures="0" tests="1" name="testng1.SoftAssert" time="11.320" errors="0" timestamp="2024-02-29T12:29:03 IST" skipped="0">
  <testcase classname="testng1.SoftAssert" name="testSoftAssert" time="11.320"/>
</testsuite> <!-- testng1.SoftAssert -->
