<?xml version="1.0" encoding="UTF-8"?>
<!-- Generated by org.testng.reporters.JUnitReportReporter -->
<testsuite hostname="DESKTOP-U92U93D" failures="0" tests="1" name="testng1.InvokeEdge" time="6.103" errors="0" timestamp="2024-02-29T12:29:03 IST" skipped="0">
  <testcase classname="testng1.InvokeEdge" name="inovkefirefox" time="6.103"/>
</testsuite> <!-- testng1.InvokeEdge -->
