<?xml version="1.0" encoding="UTF-8"?>
<!-- Generated by org.testng.reporters.JUnitReportReporter -->
<testsuite hostname="DESKTOP-U92U93D" failures="0" tests="3" name="testng1.DependsOnMethodEg" time="0.003" errors="0" timestamp="2024-02-29T12:29:03 IST" skipped="0">
  <testcase classname="testng1.DependsOnMethodEg" name="testCase3" time="0.002"/>
  <testcase classname="testng1.DependsOnMethodEg" name="testCase1" time="0.001"/>
  <testcase classname="testng1.DependsOnMethodEg" name="testCase2" time="0.000"/>
</testsuite> <!-- testng1.DependsOnMethodEg -->
