<?xml version="1.0" encoding="UTF-8"?>
<!-- Generated by org.testng.reporters.JUnitReportReporter -->
<testsuite hostname="DESKTOP-U92U93D" failures="0" tests="3" name="testng1.EnableFalse" time="0.007" errors="0" timestamp="2024-02-29T12:29:03 IST" skipped="1">
  <testcase classname="testng1.EnableFalse" name="testCase3" time="0.000"/>
  <testcase classname="testng1.EnableFalse" name="testCase2" time="0.007"/>
  <testcase classname="testng1.EnableFalse" name="testCase1">
    <skipped/>
  </testcase> <!-- testCase1 -->
</testsuite> <!-- testng1.EnableFalse -->
