<?xml version="1.0" encoding="UTF-8"?>
<!-- Generated by org.testng.reporters.JUnitReportReporter -->
<testsuite hostname="DESKTOP-U92U93D" failures="0" tests="4" name="testng1.Grouping" time="0.005" errors="0" timestamp="2024-02-29T12:29:03 IST" skipped="0">
  <testcase classname="testng1.Grouping" name="Payment" time="0.002"/>
  <testcase classname="testng1.Grouping" name="AddToCart" time="0.003"/>
  <testcase classname="testng1.Grouping" name="login" time="0.000"/>
  <testcase classname="testng1.Grouping" name="Products" time="0.000"/>
</testsuite> <!-- testng1.Grouping -->
