<?xml version="1.0" encoding="UTF-8"?>
<!-- Generated by org.testng.reporters.JUnitReportReporter -->
<testsuite hostname="DESKTOP-U92U93D" failures="0" tests="1" name="testng1.InvokeChrome" time="7.426" errors="0" timestamp="2024-02-29T12:47:55 IST" skipped="0">
  <testcase classname="testng1.InvokeChrome" name="invokechrome" time="7.426"/>
</testsuite> <!-- testng1.InvokeChrome -->
