<?xml version="1.0" encoding="UTF-8"?>
<!-- Generated by org.testng.reporters.JUnitReportReporter -->
<testsuite hostname="DESKTOP-U92U93D" failures="0" tests="2" name="testng1.ParallelTesting" time="20.842" errors="0" timestamp="2024-02-29T12:29:03 IST" skipped="0">
  <testcase classname="testng1.ParallelTesting" name="invokeEdge" time="16.339"/>
  <testcase classname="testng1.ParallelTesting" name="invokechrome" time="4.503"/>
</testsuite> <!-- testng1.ParallelTesting -->
