<?xml version="1.0" encoding="UTF-8"?>
<!-- Generated by org.testng.reporters.JUnitReportReporter -->
<testsuite hostname="DESKTOP-U92U93D" failures="0" tests="4" name="testng1.AnnotationsEg" time="0.010" errors="0" timestamp="2024-02-29T12:29:03 IST" skipped="0">
  <testcase classname="testng1.AnnotationsEg" name="testcase1" time="0.002"/>
  <testcase classname="testng1.AnnotationsEg" name="testcase2" time="0.002"/>
  <testcase classname="testng1.AnnotationsEg" name="testcase4" time="0.002"/>
  <testcase classname="testng1.AnnotationsEg" name="testcase3" time="0.004"/>
</testsuite> <!-- testng1.AnnotationsEg -->
