<?xml version="1.0" encoding="UTF-8"?>
<!-- Generated by org.testng.reporters.JUnitReportReporter -->
<testsuite hostname="DESKTOP-U92U93D" failures="0" tests="3" name="testng1.PriorityTesting" time="0.006" errors="0" timestamp="2024-02-29T12:29:03 IST" skipped="0">
  <testcase classname="testng1.PriorityTesting" name="testCase1" time="0.004"/>
  <testcase classname="testng1.PriorityTesting" name="testCase2" time="0.000"/>
  <testcase classname="testng1.PriorityTesting" name="testCase3" time="0.002"/>
</testsuite> <!-- testng1.PriorityTesting -->
